# JRE version: Java(TM) SE Runtime Environment (23.0.2+7) (build 23.0.2+7-58)
# Java VM: Java HotSpot(TM) 64-Bit Server VM (23.0.2+7-58, mixed mode, sharing, tiered, compressed oops, compressed class ptrs, g1 gc, windows-amd64)
GC Precious Log:
 CardTable entry size: 512
 Card Set container configuration: InlinePtr #cards 5 size 8 Array Of Cards #cards 10 size 36 Howl #buckets 4 coarsen threshold 1843 Howl Bitmap #cards 512 size 80 coarsen threshold 460 Card regions per heap region 1 cards per card region 2048
 CPUs: 8 total, 8 available
 Memory: 8043M
 Large Page Support: Disabled
 NUMA Support: Disabled
 Compressed Oops: Enabled (32-bit)
 Heap Region Size: 1M
 Heap Min Capacity: 8M
 Heap Initial Capacity: 126M
 Heap Max Capacity: 2012M
 Pre-touch: Disabled
 Parallel Workers: 8
 Concurrent Workers: 2
 Concurrent Refinement Workers: 8
 Periodic GC: Disabled
Heap:
 garbage-first heap   total reserved 2060288K, committed 120832K, used 90704K [0x0000000082400000, 0x0000000100000000)
  region size 1024K, 25 young (25600K), 4 survivors (4096K)
 Metaspace       used 44353K, committed 44928K, reserved 1114112K
  class space    used 5199K, committed 5440K, reserved 1048576K
GC Heap History (20 events):
Event: 9.689 GC heap before
{Heap before GC invocations=8 (full 0):
 garbage-first heap   total reserved 2060288K, committed 62464K, used 54693K [0x0000000082400000, 0x0000000100000000)
  region size 1024K, 31 young (31744K), 3 survivors (3072K)
 Metaspace       used 34200K, committed 34624K, reserved 1114112K
  class space    used 4079K, committed 4288K, reserved 1048576K
}
Event: 9.706 GC heap after
{Heap after GC invocations=9 (full 0):
 garbage-first heap   total reserved 2060288K, committed 67584K, used 34882K [0x0000000082400000, 0x0000000100000000)
  region size 1024K, 4 young (4096K), 4 survivors (4096K)
 Metaspace       used 34200K, committed 34624K, reserved 1114112K
  class space    used 4079K, committed 4288K, reserved 1048576K
}
Event: 10.018 GC heap before
{Heap before GC invocations=9 (full 0):
 garbage-first heap   total reserved 2060288K, committed 67584K, used 54338K [0x0000000082400000, 0x0000000100000000)
  region size 1024K, 23 young (23552K), 4 survivors (4096K)
 Metaspace       used 34414K, committed 34816K, reserved 1114112K
  class space    used 4108K, committed 4288K, reserved 1048576K
}
Event: 10.030 GC heap after
{Heap after GC invocations=10 (full 0):
 garbage-first heap   total reserved 2060288K, committed 67584K, used 40755K [0x0000000082400000, 0x0000000100000000)
  region size 1024K, 3 young (3072K), 3 survivors (3072K)
 Metaspace       used 34414K, committed 34816K, reserved 1114112K
  class space    used 4108K, committed 4288K, reserved 1048576K
}
Event: 10.347 GC heap before
{Heap before GC invocations=11 (full 0):
 garbage-first heap   total reserved 2060288K, committed 70656K, used 56115K [0x0000000082400000, 0x0000000100000000)
  region size 1024K, 18 young (18432K), 3 survivors (3072K)
 Metaspace       used 34846K, committed 35264K, reserved 1114112K
  class space    used 4139K, committed 4352K, reserved 1048576K
}
Event: 10.359 GC heap after
{Heap after GC invocations=12 (full 0):
 garbage-first heap   total reserved 2060288K, committed 70656K, used 43941K [0x0000000082400000, 0x0000000100000000)
  region size 1024K, 3 young (3072K), 3 survivors (3072K)
 Metaspace       used 34846K, committed 35264K, reserved 1114112K
  class space    used 4139K, committed 4352K, reserved 1048576K
}
Event: 10.950 GC heap before
{Heap before GC invocations=12 (full 0):
 garbage-first heap   total reserved 2060288K, committed 70656K, used 59301K [0x0000000082400000, 0x0000000100000000)
  region size 1024K, 19 young (19456K), 3 survivors (3072K)
 Metaspace       used 35852K, committed 36352K, reserved 1114112K
  class space    used 4259K, committed 4480K, reserved 1048576K
}
Event: 10.958 GC heap after
{Heap after GC invocations=13 (full 0):
 garbage-first heap   total reserved 2060288K, committed 109568K, used 44367K [0x0000000082400000, 0x0000000100000000)
  region size 1024K, 1 young (1024K), 1 survivors (1024K)
 Metaspace       used 35852K, committed 36352K, reserved 1114112K
  class space    used 4259K, committed 4480K, reserved 1048576K
}
Event: 11.757 GC heap before
{Heap before GC invocations=13 (full 0):
 garbage-first heap   total reserved 2060288K, committed 109568K, used 87375K [0x0000000082400000, 0x0000000100000000)
  region size 1024K, 44 young (45056K), 1 survivors (1024K)
 Metaspace       used 37617K, committed 38208K, reserved 1114112K
  class space    used 4460K, committed 4736K, reserved 1048576K
}
Event: 11.764 GC heap after
{Heap after GC invocations=14 (full 0):
 garbage-first heap   total reserved 2060288K, committed 109568K, used 46055K [0x0000000082400000, 0x0000000100000000)
  region size 1024K, 3 young (3072K), 3 survivors (3072K)
 Metaspace       used 37617K, committed 38208K, reserved 1114112K
  class space    used 4460K, committed 4736K, reserved 1048576K
}
Event: 12.089 GC heap before
{Heap before GC invocations=14 (full 0):
 garbage-first heap   total reserved 2060288K, committed 109568K, used 91111K [0x0000000082400000, 0x0000000100000000)
  region size 1024K, 47 young (48128K), 3 survivors (3072K)
 Metaspace       used 37932K, committed 38528K, reserved 1114112K
  class space    used 4469K, committed 4736K, reserved 1048576K
}
Event: 12.095 GC heap after
{Heap after GC invocations=15 (full 0):
 garbage-first heap   total reserved 2060288K, committed 109568K, used 46464K [0x0000000082400000, 0x0000000100000000)
  region size 1024K, 3 young (3072K), 3 survivors (3072K)
 Metaspace       used 37932K, committed 38528K, reserved 1114112K
  class space    used 4469K, committed 4736K, reserved 1048576K
}
Event: 13.210 GC heap before
{Heap before GC invocations=15 (full 0):
 garbage-first heap   total reserved 2060288K, committed 109568K, used 94592K [0x0000000082400000, 0x0000000100000000)
  region size 1024K, 49 young (50176K), 3 survivors (3072K)
 Metaspace       used 39929K, committed 40448K, reserved 1114112K
  class space    used 4695K, committed 4928K, reserved 1048576K
}
Event: 13.220 GC heap after
{Heap after GC invocations=16 (full 0):
 garbage-first heap   total reserved 2060288K, committed 109568K, used 48512K [0x0000000082400000, 0x0000000100000000)
  region size 1024K, 5 young (5120K), 5 survivors (5120K)
 Metaspace       used 39929K, committed 40448K, reserved 1114112K
  class space    used 4695K, committed 4928K, reserved 1048576K
}
Event: 13.702 GC heap before
{Heap before GC invocations=16 (full 0):
 garbage-first heap   total reserved 2060288K, committed 109568K, used 99712K [0x0000000082400000, 0x0000000100000000)
  region size 1024K, 51 young (52224K), 5 survivors (5120K)
 Metaspace       used 39998K, committed 40512K, reserved 1114112K
  class space    used 4695K, committed 4928K, reserved 1048576K
}
Event: 13.735 GC heap after
{Heap after GC invocations=17 (full 0):
 garbage-first heap   total reserved 2060288K, committed 120832K, used 68093K [0x0000000082400000, 0x0000000100000000)
  region size 1024K, 7 young (7168K), 7 survivors (7168K)
 Metaspace       used 39998K, committed 40512K, reserved 1114112K
  class space    used 4695K, committed 4928K, reserved 1048576K
}
Event: 14.720 GC heap before
{Heap before GC invocations=17 (full 0):
 garbage-first heap   total reserved 2060288K, committed 120832K, used 101885K [0x0000000082400000, 0x0000000100000000)
  region size 1024K, 41 young (41984K), 7 survivors (7168K)
 Metaspace       used 41331K, committed 41856K, reserved 1114112K
  class space    used 4858K, committed 5120K, reserved 1048576K
}
Event: 14.739 GC heap after
{Heap after GC invocations=18 (full 0):
 garbage-first heap   total reserved 2060288K, committed 120832K, used 71168K [0x0000000082400000, 0x0000000100000000)
  region size 1024K, 3 young (3072K), 3 survivors (3072K)
 Metaspace       used 41331K, committed 41856K, reserved 1114112K
  class space    used 4858K, committed 5120K, reserved 1048576K
}
Event: 24.822 GC heap before
{Heap before GC invocations=19 (full 0):
 garbage-first heap   total reserved 2060288K, committed 120832K, used 102912K [0x0000000082400000, 0x0000000100000000)
  region size 1024K, 37 young (37888K), 3 survivors (3072K)
 Metaspace       used 42794K, committed 43392K, reserved 1114112K
  class space    used 4944K, committed 5184K, reserved 1048576K
}
Event: 24.828 GC heap after
{Heap after GC invocations=20 (full 0):
 garbage-first heap   total reserved 2060288K, committed 120832K, used 70224K [0x0000000082400000, 0x0000000100000000)
  region size 1024K, 4 young (4096K), 4 survivors (4096K)
 Metaspace       used 42794K, committed 43392K, reserved 1114112K
  class space    used 4944K, committed 5184K, reserved 1048576K
}

