# JRE version: Java(TM) SE Runtime Environment (23.0.2+7) (build 23.0.2+7-58)
# Java VM: Java HotSpot(TM) 64-Bit Server VM (23.0.2+7-58, mixed mode, sharing, tiered, compressed oops, compressed class ptrs, g1 gc, windows-amd64)
GC Precious Log:
 CardTable entry size: 512
 Card Set container configuration: InlinePtr #cards 5 size 8 Array Of Cards #cards 10 size 36 Howl #buckets 4 coarsen threshold 1843 Howl Bitmap #cards 512 size 80 coarsen threshold 460 Card regions per heap region 1 cards per card region 2048
 CPUs: 8 total, 8 available
 Memory: 8043M
 Large Page Support: Disabled
 NUMA Support: Disabled
 Compressed Oops: Enabled (32-bit)
 Heap Region Size: 1M
 Heap Min Capacity: 8M
 Heap Initial Capacity: 126M
 Heap Max Capacity: 2012M
 Pre-touch: Disabled
 Parallel Workers: 8
 Concurrent Workers: 2
 Concurrent Refinement Workers: 8
 Periodic GC: Disabled
Heap:
 garbage-first heap   total reserved 2060288K, committed 112640K, used 66766K [0x0000000082400000, 0x0000000100000000)
  region size 1024K, 8 young (8192K), 2 survivors (2048K)
 Metaspace       used 44654K, committed 45248K, reserved 1114112K
  class space    used 5180K, committed 5440K, reserved 1048576K
GC Heap History (20 events):
Event: 29.826 GC heap before
{Heap before GC invocations=8 (full 0):
 garbage-first heap   total reserved 2060288K, committed 83968K, used 64939K [0x0000000082400000, 0x0000000100000000)
  region size 1024K, 33 young (33792K), 6 survivors (6144K)
 Metaspace       used 35606K, committed 35968K, reserved 1114112K
  class space    used 4190K, committed 4352K, reserved 1048576K
}
Event: 29.857 GC heap after
{Heap after GC invocations=9 (full 0):
 garbage-first heap   total reserved 2060288K, committed 83968K, used 43947K [0x0000000082400000, 0x0000000100000000)
  region size 1024K, 5 young (5120K), 5 survivors (5120K)
 Metaspace       used 35606K, committed 35968K, reserved 1114112K
  class space    used 4190K, committed 4352K, reserved 1048576K
}
Event: 34.598 GC heap before
{Heap before GC invocations=10 (full 0):
 garbage-first heap   total reserved 2060288K, committed 83968K, used 67499K [0x0000000082400000, 0x0000000100000000)
  region size 1024K, 29 young (29696K), 5 survivors (5120K)
 Metaspace       used 36846K, committed 37248K, reserved 1114112K
  class space    used 4340K, committed 4544K, reserved 1048576K
}
Event: 34.615 GC heap after
{Heap after GC invocations=11 (full 0):
 garbage-first heap   total reserved 2060288K, committed 83968K, used 45483K [0x0000000082400000, 0x0000000100000000)
  region size 1024K, 1 young (1024K), 1 survivors (1024K)
 Metaspace       used 36846K, committed 37248K, reserved 1114112K
  class space    used 4340K, committed 4544K, reserved 1048576K
}
Event: 35.674 GC heap before
{Heap before GC invocations=11 (full 0):
 garbage-first heap   total reserved 2060288K, committed 83968K, used 71083K [0x0000000082400000, 0x0000000100000000)
  region size 1024K, 26 young (26624K), 1 survivors (1024K)
 Metaspace       used 37920K, committed 38400K, reserved 1114112K
  class space    used 4467K, committed 4672K, reserved 1048576K
}
Event: 35.682 GC heap after
{Heap after GC invocations=12 (full 0):
 garbage-first heap   total reserved 2060288K, committed 83968K, used 46461K [0x0000000082400000, 0x0000000100000000)
  region size 1024K, 2 young (2048K), 2 survivors (2048K)
 Metaspace       used 37920K, committed 38400K, reserved 1114112K
  class space    used 4467K, committed 4672K, reserved 1048576K
}
Event: 36.009 GC heap before
{Heap before GC invocations=12 (full 0):
 garbage-first heap   total reserved 2060288K, committed 83968K, used 71037K [0x0000000082400000, 0x0000000100000000)
  region size 1024K, 27 young (27648K), 2 survivors (2048K)
 Metaspace       used 38192K, committed 38784K, reserved 1114112K
  class space    used 4492K, committed 4736K, reserved 1048576K
}
Event: 36.018 GC heap after
{Heap after GC invocations=13 (full 0):
 garbage-first heap   total reserved 2060288K, committed 83968K, used 47474K [0x0000000082400000, 0x0000000100000000)
  region size 1024K, 3 young (3072K), 3 survivors (3072K)
 Metaspace       used 38192K, committed 38784K, reserved 1114112K
  class space    used 4492K, committed 4736K, reserved 1048576K
}
Event: 36.685 GC heap before
{Heap before GC invocations=14 (full 0):
 garbage-first heap   total reserved 2060288K, committed 83968K, used 72050K [0x0000000082400000, 0x0000000100000000)
  region size 1024K, 29 young (29696K), 3 survivors (3072K)
 Metaspace       used 38379K, committed 38976K, reserved 1114112K
  class space    used 4495K, committed 4736K, reserved 1048576K
}
Event: 36.697 GC heap after
{Heap after GC invocations=15 (full 0):
 garbage-first heap   total reserved 2060288K, committed 83968K, used 45682K [0x0000000082400000, 0x0000000100000000)
  region size 1024K, 3 young (3072K), 3 survivors (3072K)
 Metaspace       used 38379K, committed 38976K, reserved 1114112K
  class space    used 4495K, committed 4736K, reserved 1048576K
}
Event: 38.481 GC heap before
{Heap before GC invocations=15 (full 0):
 garbage-first heap   total reserved 2060288K, committed 83968K, used 73330K [0x0000000082400000, 0x0000000100000000)
  region size 1024K, 31 young (31744K), 3 survivors (3072K)
 Metaspace       used 39003K, committed 39552K, reserved 1114112K
  class space    used 4570K, committed 4800K, reserved 1048576K
}
Event: 38.495 GC heap after
{Heap after GC invocations=16 (full 0):
 garbage-first heap   total reserved 2060288K, committed 101376K, used 44983K [0x0000000082400000, 0x0000000100000000)
  region size 1024K, 2 young (2048K), 2 survivors (2048K)
 Metaspace       used 39003K, committed 39552K, reserved 1114112K
  class space    used 4570K, committed 4800K, reserved 1048576K
}
Event: 43.510 GC heap before
{Heap before GC invocations=16 (full 0):
 garbage-first heap   total reserved 2060288K, committed 101376K, used 75703K [0x0000000082400000, 0x0000000100000000)
  region size 1024K, 33 young (33792K), 2 survivors (2048K)
 Metaspace       used 40478K, committed 41024K, reserved 1114112K
  class space    used 4715K, committed 4992K, reserved 1048576K
}
Event: 43.527 GC heap after
{Heap after GC invocations=17 (full 0):
 garbage-first heap   total reserved 2060288K, committed 101376K, used 46326K [0x0000000082400000, 0x0000000100000000)
  region size 1024K, 3 young (3072K), 3 survivors (3072K)
 Metaspace       used 40478K, committed 41024K, reserved 1114112K
  class space    used 4715K, committed 4992K, reserved 1048576K
}
Event: 49.240 GC heap before
{Heap before GC invocations=18 (full 0):
 garbage-first heap   total reserved 2060288K, committed 101376K, used 95478K [0x0000000082400000, 0x0000000100000000)
  region size 1024K, 45 young (46080K), 3 survivors (3072K)
 Metaspace       used 40546K, committed 41152K, reserved 1114112K
  class space    used 4716K, committed 4992K, reserved 1048576K
}
Event: 49.297 GC heap after
{Heap after GC invocations=19 (full 0):
 garbage-first heap   total reserved 2060288K, committed 112640K, used 64512K [0x0000000082400000, 0x0000000100000000)
  region size 1024K, 6 young (6144K), 6 survivors (6144K)
 Metaspace       used 40546K, committed 41152K, reserved 1114112K
  class space    used 4716K, committed 4992K, reserved 1048576K
}
Event: 50.702 GC heap before
{Heap before GC invocations=19 (full 0):
 garbage-first heap   total reserved 2060288K, committed 112640K, used 95232K [0x0000000082400000, 0x0000000100000000)
  region size 1024K, 37 young (37888K), 6 survivors (6144K)
 Metaspace       used 41571K, committed 42176K, reserved 1114112K
  class space    used 4845K, committed 5120K, reserved 1048576K
}
Event: 50.734 GC heap after
{Heap after GC invocations=20 (full 0):
 garbage-first heap   total reserved 2060288K, committed 112640K, used 61952K [0x0000000082400000, 0x0000000100000000)
  region size 1024K, 4 young (4096K), 4 survivors (4096K)
 Metaspace       used 41571K, committed 42176K, reserved 1114112K
  class space    used 4845K, committed 5120K, reserved 1048576K
}
Event: 52.480 GC heap before
{Heap before GC invocations=20 (full 0):
 garbage-first heap   total reserved 2060288K, committed 112640K, used 95744K [0x0000000082400000, 0x0000000100000000)
  region size 1024K, 37 young (37888K), 4 survivors (4096K)
 Metaspace       used 43750K, committed 44416K, reserved 1114112K
  class space    used 5062K, committed 5376K, reserved 1048576K
}
Event: 52.499 GC heap after
{Heap after GC invocations=21 (full 0):
 garbage-first heap   total reserved 2060288K, committed 112640K, used 62670K [0x0000000082400000, 0x0000000100000000)
  region size 1024K, 2 young (2048K), 2 survivors (2048K)
 Metaspace       used 43750K, committed 44416K, reserved 1114112K
  class space    used 5062K, committed 5376K, reserved 1048576K
}

