# JRE version: Java(TM) SE Runtime Environment (23.0.2+7) (build 23.0.2+7-58)
# Java VM: Java HotSpot(TM) 64-Bit Server VM (23.0.2+7-58, mixed mode, sharing, tiered, compressed oops, compressed class ptrs, g1 gc, windows-amd64)
GC Precious Log:
 CardTable entry size: 512
 Card Set container configuration: InlinePtr #cards 5 size 8 Array Of Cards #cards 10 size 36 Howl #buckets 4 coarsen threshold 1843 Howl Bitmap #cards 512 size 80 coarsen threshold 460 Card regions per heap region 1 cards per card region 2048
 CPUs: 8 total, 8 available
 Memory: 8043M
 Large Page Support: Disabled
 NUMA Support: Disabled
 Compressed Oops: Enabled (32-bit)
 Heap Region Size: 1M
 Heap Min Capacity: 8M
 Heap Initial Capacity: 126M
 Heap Max Capacity: 2012M
 Pre-touch: Disabled
 Parallel Workers: 8
 Concurrent Workers: 2
 Concurrent Refinement Workers: 8
 Periodic GC: Disabled
Heap:
 garbage-first heap   total reserved 2060288K, committed 129024K, used 71928K [0x0000000082400000, 0x0000000100000000)
  region size 1024K, 14 young (14336K), 4 survivors (4096K)
 Metaspace       used 92119K, committed 93504K, reserved 1179648K
  class space    used 11920K, committed 12544K, reserved 1048576K
GC Heap History (20 events):
Event: 13.077 GC heap before
{Heap before GC invocations=15 (full 0):
 garbage-first heap   total reserved 2060288K, committed 89088K, used 78031K [0x0000000082400000, 0x0000000100000000)
  region size 1024K, 39 young (39936K), 5 survivors (5120K)
 Metaspace       used 64920K, committed 66112K, reserved 1114112K
  class space    used 8364K, committed 8960K, reserved 1048576K
}
Event: 13.089 GC heap after
{Heap after GC invocations=16 (full 0):
 garbage-first heap   total reserved 2060288K, committed 89088K, used 45217K [0x0000000082400000, 0x0000000100000000)
  region size 1024K, 5 young (5120K), 5 survivors (5120K)
 Metaspace       used 64920K, committed 66112K, reserved 1114112K
  class space    used 8364K, committed 8960K, reserved 1048576K
}
Event: 13.617 GC heap before
{Heap before GC invocations=16 (full 0):
 garbage-first heap   total reserved 2060288K, committed 89088K, used 77985K [0x0000000082400000, 0x0000000100000000)
  region size 1024K, 37 young (37888K), 5 survivors (5120K)
 Metaspace       used 70118K, committed 71296K, reserved 1114112K
  class space    used 9385K, committed 9920K, reserved 1048576K
}
Event: 13.627 GC heap after
{Heap after GC invocations=17 (full 0):
 garbage-first heap   total reserved 2060288K, committed 89088K, used 46909K [0x0000000082400000, 0x0000000100000000)
  region size 1024K, 5 young (5120K), 5 survivors (5120K)
 Metaspace       used 70118K, committed 71296K, reserved 1114112K
  class space    used 9385K, committed 9920K, reserved 1048576K
}
Event: 13.945 GC heap before
{Heap before GC invocations=17 (full 0):
 garbage-first heap   total reserved 2060288K, committed 89088K, used 64317K [0x0000000082400000, 0x0000000100000000)
  region size 1024K, 23 young (23552K), 5 survivors (5120K)
 Metaspace       used 73225K, committed 74496K, reserved 1114112K
  class space    used 9617K, committed 10240K, reserved 1048576K
}
Event: 13.957 GC heap after
{Heap after GC invocations=18 (full 0):
 garbage-first heap   total reserved 2060288K, committed 107520K, used 50009K [0x0000000082400000, 0x0000000100000000)
  region size 1024K, 5 young (5120K), 5 survivors (5120K)
 Metaspace       used 73225K, committed 74496K, reserved 1114112K
  class space    used 9617K, committed 10240K, reserved 1048576K
}
Event: 14.588 GC heap before
{Heap before GC invocations=18 (full 0):
 garbage-first heap   total reserved 2060288K, committed 107520K, used 97113K [0x0000000082400000, 0x0000000100000000)
  region size 1024K, 50 young (51200K), 5 survivors (5120K)
 Metaspace       used 80138K, committed 81408K, reserved 1179648K
  class space    used 10316K, committed 10880K, reserved 1048576K
}
Event: 14.596 GC heap after
{Heap after GC invocations=19 (full 0):
 garbage-first heap   total reserved 2060288K, committed 107520K, used 55949K [0x0000000082400000, 0x0000000100000000)
  region size 1024K, 7 young (7168K), 7 survivors (7168K)
 Metaspace       used 80138K, committed 81408K, reserved 1179648K
  class space    used 10316K, committed 10880K, reserved 1048576K
}
Event: 15.331 GC heap before
{Heap before GC invocations=19 (full 0):
 garbage-first heap   total reserved 2060288K, committed 107520K, used 93837K [0x0000000082400000, 0x0000000100000000)
  region size 1024K, 44 young (45056K), 7 survivors (7168K)
 Metaspace       used 84012K, committed 85312K, reserved 1179648K
  class space    used 10930K, committed 11520K, reserved 1048576K
}
Event: 15.343 GC heap after
{Heap after GC invocations=20 (full 0):
 garbage-first heap   total reserved 2060288K, committed 107520K, used 60356K [0x0000000082400000, 0x0000000100000000)
  region size 1024K, 4 young (4096K), 4 survivors (4096K)
 Metaspace       used 84012K, committed 85312K, reserved 1179648K
  class space    used 10930K, committed 11520K, reserved 1048576K
}
Event: 16.020 GC heap before
{Heap before GC invocations=21 (full 0):
 garbage-first heap   total reserved 2060288K, committed 107520K, used 97220K [0x0000000082400000, 0x0000000100000000)
  region size 1024K, 40 young (40960K), 4 survivors (4096K)
 Metaspace       used 85096K, committed 86336K, reserved 1179648K
  class space    used 11036K, committed 11584K, reserved 1048576K
}
Event: 16.033 GC heap after
{Heap after GC invocations=22 (full 0):
 garbage-first heap   total reserved 2060288K, committed 107520K, used 63728K [0x0000000082400000, 0x0000000100000000)
  region size 1024K, 4 young (4096K), 4 survivors (4096K)
 Metaspace       used 85096K, committed 86336K, reserved 1179648K
  class space    used 11036K, committed 11584K, reserved 1048576K
}
Event: 16.558 GC heap before
{Heap before GC invocations=22 (full 0):
 garbage-first heap   total reserved 2060288K, committed 107520K, used 96496K [0x0000000082400000, 0x0000000100000000)
  region size 1024K, 36 young (36864K), 4 survivors (4096K)
 Metaspace       used 85729K, committed 86976K, reserved 1179648K
  class space    used 11056K, committed 11648K, reserved 1048576K
}
Event: 16.567 GC heap after
{Heap after GC invocations=23 (full 0):
 garbage-first heap   total reserved 2060288K, committed 107520K, used 64208K [0x0000000082400000, 0x0000000100000000)
  region size 1024K, 2 young (2048K), 2 survivors (2048K)
 Metaspace       used 85729K, committed 86976K, reserved 1179648K
  class space    used 11056K, committed 11648K, reserved 1048576K
}
Event: 16.813 GC heap before
{Heap before GC invocations=23 (full 0):
 garbage-first heap   total reserved 2060288K, committed 107520K, used 70352K [0x0000000082400000, 0x0000000100000000)
  region size 1024K, 9 young (9216K), 2 survivors (2048K)
 Metaspace       used 86015K, committed 87232K, reserved 1179648K
  class space    used 11092K, committed 11648K, reserved 1048576K
}
Event: 16.818 GC heap after
{Heap after GC invocations=24 (full 0):
 garbage-first heap   total reserved 2060288K, committed 129024K, used 63819K [0x0000000082400000, 0x0000000100000000)
  region size 1024K, 3 young (3072K), 3 survivors (3072K)
 Metaspace       used 86015K, committed 87232K, reserved 1179648K
  class space    used 11092K, committed 11648K, reserved 1048576K
}
Event: 16.825 GC heap before
{Heap before GC invocations=24 (full 0):
 garbage-first heap   total reserved 2060288K, committed 129024K, used 64843K [0x0000000082400000, 0x0000000100000000)
  region size 1024K, 4 young (4096K), 3 survivors (3072K)
 Metaspace       used 86015K, committed 87232K, reserved 1179648K
  class space    used 11092K, committed 11648K, reserved 1048576K
}
Event: 16.829 GC heap after
{Heap after GC invocations=25 (full 0):
 garbage-first heap   total reserved 2060288K, committed 129024K, used 64949K [0x0000000082400000, 0x0000000100000000)
  region size 1024K, 3 young (3072K), 3 survivors (3072K)
 Metaspace       used 86015K, committed 87232K, reserved 1179648K
  class space    used 11092K, committed 11648K, reserved 1048576K
}
Event: 17.583 GC heap before
{Heap before GC invocations=26 (full 0):
 garbage-first heap   total reserved 2060288K, committed 129024K, used 112053K [0x0000000082400000, 0x0000000100000000)
  region size 1024K, 50 young (51200K), 3 survivors (3072K)
 Metaspace       used 90990K, committed 92288K, reserved 1179648K
  class space    used 11734K, committed 12352K, reserved 1048576K
}
Event: 17.588 GC heap after
{Heap after GC invocations=27 (full 0):
 garbage-first heap   total reserved 2060288K, committed 129024K, used 62712K [0x0000000082400000, 0x0000000100000000)
  region size 1024K, 4 young (4096K), 4 survivors (4096K)
 Metaspace       used 90990K, committed 92288K, reserved 1179648K
  class space    used 11734K, committed 12352K, reserved 1048576K
}

